2019-08-29 21:01:30.405  INFO 5222 --- [restartedMain] br.ufms.estagio.ApplicationStart         : Starting ApplicationStart on rgov-archlinux with PID 5222 (/home/rafael/Documentos/Projetos/Demo-Spring-JWT/estagio-backend/target/classes started by rafael in /home/rafael/Documentos/Projetos/Demo-Spring-JWT/estagio-backend)
2019-08-29 21:01:30.412  INFO 5222 --- [restartedMain] br.ufms.estagio.ApplicationStart         : No active profile set, falling back to default profiles: default
2019-08-29 21:01:30.570  INFO 5222 --- [restartedMain] .e.DevToolsPropertyDefaultsPostProcessor : Devtools property defaults active! Set 'spring.devtools.add-properties' to 'false' to disable
2019-08-29 21:01:30.571  INFO 5222 --- [restartedMain] .e.DevToolsPropertyDefaultsPostProcessor : For additional web related logging consider setting the 'logging.level.web' property to 'DEBUG'
2019-08-29 21:01:32.329  INFO 5222 --- [restartedMain] .s.d.r.c.RepositoryConfigurationDelegate : Bootstrapping Spring Data repositories in DEFAULT mode.
2019-08-29 21:01:32.551  INFO 5222 --- [restartedMain] .s.d.r.c.RepositoryConfigurationDelegate : Finished Spring Data repository scanning in 207ms. Found 23 repository interfaces.
2019-08-29 21:01:33.293  INFO 5222 --- [restartedMain] trationDelegate$BeanPostProcessorChecker : Bean 'org.springframework.transaction.annotation.ProxyTransactionManagementConfiguration' of type [org.springframework.transaction.annotation.ProxyTransactionManagementConfiguration$$EnhancerBySpringCGLIB$$a98cf0f9] is not eligible for getting processed by all BeanPostProcessors (for example: not eligible for auto-proxying)
2019-08-29 21:01:33.345  INFO 5222 --- [restartedMain] trationDelegate$BeanPostProcessorChecker : Bean 'org.springframework.security.config.annotation.configuration.ObjectPostProcessorConfiguration' of type [org.springframework.security.config.annotation.configuration.ObjectPostProcessorConfiguration$$EnhancerBySpringCGLIB$$423ab933] is not eligible for getting processed by all BeanPostProcessors (for example: not eligible for auto-proxying)
2019-08-29 21:01:33.352  INFO 5222 --- [restartedMain] trationDelegate$BeanPostProcessorChecker : Bean 'objectPostProcessor' of type [org.springframework.security.config.annotation.configuration.AutowireBeanFactoryObjectPostProcessor] is not eligible for getting processed by all BeanPostProcessors (for example: not eligible for auto-proxying)
2019-08-29 21:01:33.355  INFO 5222 --- [restartedMain] trationDelegate$BeanPostProcessorChecker : Bean 'org.springframework.security.access.expression.method.DefaultMethodSecurityExpressionHandler@3f646ba' of type [org.springframework.security.access.expression.method.DefaultMethodSecurityExpressionHandler] is not eligible for getting processed by all BeanPostProcessors (for example: not eligible for auto-proxying)
2019-08-29 21:01:33.360  INFO 5222 --- [restartedMain] trationDelegate$BeanPostProcessorChecker : Bean 'org.springframework.security.config.annotation.method.configuration.GlobalMethodSecurityConfiguration' of type [org.springframework.security.config.annotation.method.configuration.GlobalMethodSecurityConfiguration$$EnhancerBySpringCGLIB$$670f5be5] is not eligible for getting processed by all BeanPostProcessors (for example: not eligible for auto-proxying)
2019-08-29 21:01:33.365  INFO 5222 --- [restartedMain] trationDelegate$BeanPostProcessorChecker : Bean 'methodSecurityMetadataSource' of type [org.springframework.security.access.method.DelegatingMethodSecurityMetadataSource] is not eligible for getting processed by all BeanPostProcessors (for example: not eligible for auto-proxying)
2019-08-29 21:01:33.862  INFO 5222 --- [restartedMain] o.s.b.w.embedded.tomcat.TomcatWebServer  : Tomcat initialized with port(s): 8080 (http)
2019-08-29 21:01:33.900  INFO 5222 --- [restartedMain] o.apache.catalina.core.StandardService   : Starting service [Tomcat]
2019-08-29 21:01:33.901  INFO 5222 --- [restartedMain] org.apache.catalina.core.StandardEngine  : Starting Servlet engine: [Apache Tomcat/9.0.22]
2019-08-29 21:01:34.010  INFO 5222 --- [restartedMain] o.a.c.c.C.[Tomcat].[localhost].[/]       : Initializing Spring embedded WebApplicationContext
2019-08-29 21:01:34.011  INFO 5222 --- [restartedMain] o.s.web.context.ContextLoader            : Root WebApplicationContext: initialization completed in 3440 ms
2019-08-29 21:01:34.269  INFO 5222 --- [restartedMain] com.zaxxer.hikari.HikariDataSource       : HikariPool-1 - Starting...
2019-08-29 21:01:34.484  INFO 5222 --- [restartedMain] com.zaxxer.hikari.HikariDataSource       : HikariPool-1 - Start completed.
2019-08-29 21:01:34.542  INFO 5222 --- [restartedMain] o.hibernate.jpa.internal.util.LogHelper  : HHH000204: Processing PersistenceUnitInfo [
	name: default
	...]
2019-08-29 21:01:34.662  INFO 5222 --- [restartedMain] org.hibernate.Version                    : HHH000412: Hibernate Core {5.3.10.Final}
2019-08-29 21:01:34.666  INFO 5222 --- [restartedMain] org.hibernate.cfg.Environment            : HHH000206: hibernate.properties not found
2019-08-29 21:01:34.983  INFO 5222 --- [restartedMain] o.hibernate.annotations.common.Version   : HCANN000001: Hibernate Commons Annotations {5.0.4.Final}
2019-08-29 21:01:35.181  INFO 5222 --- [restartedMain] org.hibernate.dialect.Dialect            : HHH000400: Using dialect: org.hibernate.dialect.PostgreSQL9Dialect
2019-08-29 21:01:35.201  INFO 5222 --- [restartedMain] o.h.e.j.e.i.LobCreatorBuilderImpl        : HHH000422: Disabling contextual LOB creation as connection was null
2019-08-29 21:01:35.210  INFO 5222 --- [restartedMain] org.hibernate.type.BasicTypeRegistry     : HHH000270: Type registration [java.util.UUID] overrides previous : org.hibernate.type.UUIDBinaryType@5071fadd
2019-08-29 21:01:37.019  INFO 5222 --- [restartedMain] o.h.t.schema.internal.SchemaCreatorImpl  : HHH000476: Executing import script 'org.hibernate.tool.schema.internal.exec.ScriptSourceInputNonExistentImpl@530eeb71'
2019-08-29 21:01:37.031  INFO 5222 --- [restartedMain] o.h.h.i.QueryTranslatorFactoryInitiator  : HHH000397: Using ASTQueryTranslatorFactory
2019-08-29 21:01:37.159  INFO 5222 --- [restartedMain] j.LocalContainerEntityManagerFactoryBean : Initialized JPA EntityManagerFactory for persistence unit 'default'
2019-08-29 21:01:37.211  INFO 5222 --- [restartedMain] o.s.b.d.a.OptionalLiveReloadServer       : LiveReload server is running on port 35729
2019-08-29 21:01:38.076  INFO 5222 --- [restartedMain] o.s.s.web.DefaultSecurityFilterChain     : Creating filter chain: any request, [org.springframework.security.web.context.request.async.WebAsyncManagerIntegrationFilter@6cdb94a3, org.springframework.security.web.context.SecurityContextPersistenceFilter@2b387cb2, org.springframework.security.web.header.HeaderWriterFilter@59f4e742, org.springframework.security.web.authentication.logout.LogoutFilter@6de0d104, org.springframework.security.web.authentication.www.BasicAuthenticationFilter@617eff5f, org.springframework.security.web.savedrequest.RequestCacheAwareFilter@d280bf9, org.springframework.security.web.servletapi.SecurityContextHolderAwareRequestFilter@64f80847, org.springframework.security.web.authentication.AnonymousAuthenticationFilter@5dfd688c, org.springframework.security.web.session.SessionManagementFilter@3a0c0930, org.springframework.security.web.access.ExceptionTranslationFilter@3a2fda68, org.springframework.security.web.access.intercept.FilterSecurityInterceptor@6a662a3d]
2019-08-29 21:01:38.360  INFO 5222 --- [restartedMain] o.s.s.concurrent.ThreadPoolTaskExecutor  : Initializing ExecutorService 'applicationTaskExecutor'
2019-08-29 21:01:38.877  INFO 5222 --- [restartedMain] o.s.b.w.embedded.tomcat.TomcatWebServer  : Tomcat started on port(s): 8080 (http) with context path ''
2019-08-29 21:01:38.880  INFO 5222 --- [restartedMain] br.ufms.estagio.ApplicationStart         : Started ApplicationStart in 9.481 seconds (JVM running for 10.978)
2019-08-29 21:01:56.001  INFO 5222 --- [http-nio-8080-exec-1] o.a.c.c.C.[Tomcat].[localhost].[/]       : Initializing Spring DispatcherServlet 'dispatcherServlet'
2019-08-29 21:01:56.002  INFO 5222 --- [http-nio-8080-exec-1] o.s.web.servlet.DispatcherServlet        : Initializing Servlet 'dispatcherServlet'
2019-08-29 21:01:56.020  INFO 5222 --- [http-nio-8080-exec-1] o.s.web.servlet.DispatcherServlet        : Completed initialization in 18 ms
2019-08-29 21:37:17.416  INFO 5222 --- [Thread-22] o.s.s.concurrent.ThreadPoolTaskExecutor  : Shutting down ExecutorService 'applicationTaskExecutor'
2019-08-29 21:37:17.427  INFO 5222 --- [Thread-22] j.LocalContainerEntityManagerFactoryBean : Closing JPA EntityManagerFactory for persistence unit 'default'
2019-08-29 21:37:17.433  INFO 5222 --- [Thread-22] com.zaxxer.hikari.HikariDataSource       : HikariPool-1 - Shutdown initiated...
2019-08-29 21:37:17.469  INFO 5222 --- [Thread-22] com.zaxxer.hikari.HikariDataSource       : HikariPool-1 - Shutdown completed.
2019-08-29 21:37:17.935  INFO 5222 --- [restartedMain] br.ufms.estagio.ApplicationStart         : Starting ApplicationStart on rgov-archlinux with PID 5222 (/home/rafael/Documentos/Projetos/Demo-Spring-JWT/estagio-backend/target/classes started by rafael in /home/rafael/Documentos/Projetos/Demo-Spring-JWT/estagio-backend)
2019-08-29 21:37:17.938  INFO 5222 --- [restartedMain] br.ufms.estagio.ApplicationStart         : No active profile set, falling back to default profiles: default
2019-08-29 21:37:18.348  INFO 5222 --- [restartedMain] .s.d.r.c.RepositoryConfigurationDelegate : Bootstrapping Spring Data repositories in DEFAULT mode.
2019-08-29 21:37:18.431  INFO 5222 --- [restartedMain] .s.d.r.c.RepositoryConfigurationDelegate : Finished Spring Data repository scanning in 83ms. Found 23 repository interfaces.
2019-08-29 21:37:18.555  INFO 5222 --- [restartedMain] trationDelegate$BeanPostProcessorChecker : Bean 'org.springframework.transaction.annotation.ProxyTransactionManagementConfiguration' of type [org.springframework.transaction.annotation.ProxyTransactionManagementConfiguration$$EnhancerBySpringCGLIB$$a98cf0f9] is not eligible for getting processed by all BeanPostProcessors (for example: not eligible for auto-proxying)
2019-08-29 21:37:18.560  INFO 5222 --- [restartedMain] trationDelegate$BeanPostProcessorChecker : Bean 'org.springframework.security.config.annotation.configuration.ObjectPostProcessorConfiguration' of type [org.springframework.security.config.annotation.configuration.ObjectPostProcessorConfiguration$$EnhancerBySpringCGLIB$$423ab933] is not eligible for getting processed by all BeanPostProcessors (for example: not eligible for auto-proxying)
2019-08-29 21:37:18.564  INFO 5222 --- [restartedMain] trationDelegate$BeanPostProcessorChecker : Bean 'objectPostProcessor' of type [org.springframework.security.config.annotation.configuration.AutowireBeanFactoryObjectPostProcessor] is not eligible for getting processed by all BeanPostProcessors (for example: not eligible for auto-proxying)
2019-08-29 21:37:18.565  INFO 5222 --- [restartedMain] trationDelegate$BeanPostProcessorChecker : Bean 'org.springframework.security.access.expression.method.DefaultMethodSecurityExpressionHandler@55da0edd' of type [org.springframework.security.access.expression.method.DefaultMethodSecurityExpressionHandler] is not eligible for getting processed by all BeanPostProcessors (for example: not eligible for auto-proxying)
2019-08-29 21:37:18.569  INFO 5222 --- [restartedMain] trationDelegate$BeanPostProcessorChecker : Bean 'org.springframework.security.config.annotation.method.configuration.GlobalMethodSecurityConfiguration' of type [org.springframework.security.config.annotation.method.configuration.GlobalMethodSecurityConfiguration$$EnhancerBySpringCGLIB$$670f5be5] is not eligible for getting processed by all BeanPostProcessors (for example: not eligible for auto-proxying)
2019-08-29 21:37:18.571  INFO 5222 --- [restartedMain] trationDelegate$BeanPostProcessorChecker : Bean 'methodSecurityMetadataSource' of type [org.springframework.security.access.method.DelegatingMethodSecurityMetadataSource] is not eligible for getting processed by all BeanPostProcessors (for example: not eligible for auto-proxying)
2019-08-29 21:37:18.843  INFO 5222 --- [restartedMain] o.s.b.w.embedded.tomcat.TomcatWebServer  : Tomcat initialized with port(s): 8080 (http)
2019-08-29 21:37:18.864  INFO 5222 --- [restartedMain] o.apache.catalina.core.StandardService   : Starting service [Tomcat]
2019-08-29 21:37:18.865  INFO 5222 --- [restartedMain] org.apache.catalina.core.StandardEngine  : Starting Servlet engine: [Apache Tomcat/9.0.22]
2019-08-29 21:37:18.891  INFO 5222 --- [restartedMain] o.a.c.c.C.[Tomcat].[localhost].[/]       : Initializing Spring embedded WebApplicationContext
2019-08-29 21:37:18.892  INFO 5222 --- [restartedMain] o.s.web.context.ContextLoader            : Root WebApplicationContext: initialization completed in 950 ms
2019-08-29 21:37:19.126  INFO 5222 --- [restartedMain] com.zaxxer.hikari.HikariDataSource       : HikariPool-2 - Starting...
2019-08-29 21:37:19.143  INFO 5222 --- [restartedMain] com.zaxxer.hikari.HikariDataSource       : HikariPool-2 - Start completed.
2019-08-29 21:37:19.173  INFO 5222 --- [restartedMain] o.hibernate.jpa.internal.util.LogHelper  : HHH000204: Processing PersistenceUnitInfo [
	name: default
	...]
2019-08-29 21:37:19.198  INFO 5222 --- [restartedMain] org.hibernate.dialect.Dialect            : HHH000400: Using dialect: org.hibernate.dialect.PostgreSQL9Dialect
2019-08-29 21:37:19.199  INFO 5222 --- [restartedMain] o.h.e.j.e.i.LobCreatorBuilderImpl        : HHH000422: Disabling contextual LOB creation as connection was null
2019-08-29 21:37:19.200  INFO 5222 --- [restartedMain] org.hibernate.type.BasicTypeRegistry     : HHH000270: Type registration [java.util.UUID] overrides previous : org.hibernate.type.UUIDBinaryType@5071fadd
2019-08-29 21:37:20.343  INFO 5222 --- [restartedMain] o.h.t.schema.internal.SchemaCreatorImpl  : HHH000476: Executing import script 'org.hibernate.tool.schema.internal.exec.ScriptSourceInputNonExistentImpl@530eeb71'
2019-08-29 21:37:20.345  INFO 5222 --- [restartedMain] o.h.h.i.QueryTranslatorFactoryInitiator  : HHH000397: Using ASTQueryTranslatorFactory
2019-08-29 21:37:20.377  INFO 5222 --- [restartedMain] j.LocalContainerEntityManagerFactoryBean : Initialized JPA EntityManagerFactory for persistence unit 'default'
2019-08-29 21:37:20.415  INFO 5222 --- [restartedMain] o.s.b.d.a.OptionalLiveReloadServer       : LiveReload server is running on port 35729
2019-08-29 21:37:21.453  INFO 5222 --- [restartedMain] o.s.s.web.DefaultSecurityFilterChain     : Creating filter chain: any request, [org.springframework.security.web.context.request.async.WebAsyncManagerIntegrationFilter@58971e6c, org.springframework.security.web.context.SecurityContextPersistenceFilter@58b73420, org.springframework.security.web.header.HeaderWriterFilter@28076947, org.springframework.security.web.authentication.logout.LogoutFilter@60e37141, org.springframework.security.web.authentication.www.BasicAuthenticationFilter@3a6f453e, org.springframework.security.web.savedrequest.RequestCacheAwareFilter@790fce0c, org.springframework.security.web.servletapi.SecurityContextHolderAwareRequestFilter@6a51dd3b, org.springframework.security.web.authentication.AnonymousAuthenticationFilter@3bdddfb7, org.springframework.security.web.session.SessionManagementFilter@24b5d1a9, org.springframework.security.web.access.ExceptionTranslationFilter@7e5bf852, org.springframework.security.web.access.intercept.FilterSecurityInterceptor@19a22f44]
2019-08-29 21:37:21.731  INFO 5222 --- [restartedMain] o.s.s.concurrent.ThreadPoolTaskExecutor  : Initializing ExecutorService 'applicationTaskExecutor'
2019-08-29 21:37:21.941  INFO 5222 --- [restartedMain] o.s.b.w.embedded.tomcat.TomcatWebServer  : Tomcat started on port(s): 8080 (http) with context path ''
2019-08-29 21:37:21.942  INFO 5222 --- [restartedMain] br.ufms.estagio.ApplicationStart         : Started ApplicationStart in 4.044 seconds (JVM running for 2154.04)
2019-08-29 21:37:21.945  INFO 5222 --- [restartedMain] .ConditionEvaluationDeltaLoggingListener : Condition evaluation unchanged
